<?xml version="1.0" encoding="UTF-8"?>
<testng-results ignored="0" total="1" passed="1" failed="0" skipped="0">
  <reporter-output>
  </reporter-output>
  <suite started-at="2021-07-30T13:54:56 IST" name="Default suite" finished-at="2021-07-30T13:55:04 IST" duration-ms="7260">
    <groups>
    </groups>
    <test started-at="2021-07-30T13:54:56 IST" name="Default test" finished-at="2021-07-30T13:55:04 IST" duration-ms="7260">
      <class name="redeallogin.Login">
        <test-method is-config="true" signature="beforeClass()[pri:0, instance:[Login passed=0 failed=0 skipped=0]]" started-at="2021-07-30T13:54:56 IST" name="beforeClass" finished-at="2021-07-30T13:54:58 IST" duration-ms="1969" status="PASS">
          <reporter-output>
          </reporter-output>
        </test-method> <!-- beforeClass -->
        <test-method signature="Logintest()[pri:0, instance:[Login passed=0 failed=0 skipped=0]]" started-at="2021-07-30T13:54:58 IST" name="Logintest" finished-at="2021-07-30T13:55:03 IST" duration-ms="5073" status="PASS">
          <reporter-output>
          </reporter-output>
        </test-method> <!-- Logintest -->
        <test-method is-config="true" signature="CaptureScreen(org.testng.ITestResult)[pri:0, instance:[Login passed=0 failed=0 skipped=0]]" started-at="2021-07-30T13:55:03 IST" name="CaptureScreen" finished-at="2021-07-30T13:55:03 IST" duration-ms="3" status="PASS">
          <params>
            <param index="0">
              <value>
                <![CDATA[[TestResult name=Logintest on [Login passed=0 failed=0 skipped=0] status=SUCCESS method=Login.Logintest()[pri:0, instance:[Login passed=0 failed=0 skipped=0]] output={null}]]]>
              </value>
            </param>
          </params>
          <reporter-output>
          </reporter-output>
        </test-method> <!-- CaptureScreen -->
        <test-method is-config="true" signature="closeBrowser()[pri:0, instance:[Login passed=0 failed=0 skipped=0]]" started-at="2021-07-30T13:55:03 IST" name="closeBrowser" finished-at="2021-07-30T13:55:04 IST" duration-ms="176" status="PASS">
          <reporter-output>
          </reporter-output>
        </test-method> <!-- closeBrowser -->
      </class> <!-- redeallogin.Login -->
    </test> <!-- Default test -->
  </suite> <!-- Default suite -->
</testng-results>
