<?xml version="1.0" encoding="UTF-8"?>
<!-- Generated by org.testng.reporters.JUnitXMLReporter -->
<testsuite ignored="0" hostname="DESKTOP-93MQRSR" failures="1" tests="1" name="Test" time="7.644" errors="0" timestamp="2021-07-30T13:51:30 IST">
  <testcase classname="redeallogin.Login" name="Logintest on [Login passed=0 failed=0 skipped=0]" time="5.364">
    <failure type="java.lang.AssertionError" message="expected [Redeal Manager] but found [RedealManager]">
      <![CDATA[java.lang.AssertionError: expected [Redeal Manager] but found [RedealManager]
at redeallogin.Login.Logintest(Login.java:42)
at java.base/java.util.ArrayList.forEach(ArrayList.java:1511)
... Removed 33 stack frames]]>
    </failure>
  </testcase> <!-- Logintest on [Login passed=0 failed=0 skipped=0] -->
</testsuite> <!-- Test -->
