<?xml version="1.0" encoding="UTF-8"?>
<!-- Generated by org.testng.reporters.JUnitXMLReporter -->
<testsuite ignored="0" hostname="DESKTOP-93MQRSR" failures="1" tests="2" name="Logintest" time="5.64" errors="0" timestamp="2021-07-22T18:54:55 IST">
  <testcase classname="redeallogin.Login" name="Logintest on [Login passed=0 failed=0 skipped=0]" time="3.616"/>
  <testcase classname="redeallogin.Login" name="Logintest on [Login passed=0 failed=0 skipped=0]" time="3.632">
    <failure type="java.lang.NullPointerException" message="Cannot invoke &amp;quot;com.aventstack.extentreports.ExtentReports.createTest(String)&amp;quot; because &amp;quot;this.extent&amp;quot; is null">
      <![CDATA[java.lang.NullPointerException: Cannot invoke "com.aventstack.extentreports.ExtentReports.createTest(String)" because "this.extent" is null
at redeallogin.Listeners.onTestSuccess(Listeners.java:49)
at java.base/java.util.ArrayList.forEach(ArrayList.java:1511)
... Removed 24 stack frames]]>
    </failure>
  </testcase> <!-- Logintest on [Login passed=0 failed=0 skipped=0] -->
</testsuite> <!-- Logintest -->
